[2026-04-13T19:06:44.047Z] GET /auth/register
[2026-04-13T19:06:51.362Z] POST /auth/register
[2026-04-13T19:07:24.457Z] POST /auth/register
[2026-04-13T19:08:03.019Z] POST /auth/login
[2026-04-13T19:08:30.338Z] POST /auth/login
[2026-04-13T19:08:58.010Z] GET /users
[2026-04-13T19:09:04.917Z] GET /exercises
[2026-04-13T19:09:45.194Z] POST /exercises
[2026-04-13T19:11:01.626Z] POST /exercises
[2026-04-13T19:11:59.663Z] GET /exercises
[2026-04-13T20:02:46.760Z] POST /exercises
[2026-04-13T20:03:51.611Z] POST /logs
[2026-04-13T20:05:29.890Z] POST /logs
[2026-04-13T20:12:32.527Z] POST /auth/register
[2026-04-13T20:12:32.621Z] POST /auth/register
[2026-04-13T20:12:32.679Z] POST /auth/login
[2026-04-13T20:12:32.731Z] POST /auth/login
[2026-04-13T20:12:32.787Z] POST /exercises
[2026-04-13T20:12:32.795Z] POST /workouts
[2026-04-13T20:12:32.803Z] POST /logs
[2026-04-13T20:12:32.811Z] PATCH /logs/1
[2026-04-13T20:12:32.817Z] GET /logs
[2026-04-13T20:22:43.888Z] GET /
[2026-04-13T20:22:43.936Z] POST /auth/login
